<?xml version="1.0" encoding="UTF-8"?>
<robot generator="Robot 4.1.1 (Python 3.8.10 on linux)" generated="20210908 13:01:07.279" rpa="false" schemaversion="2">
<suite id="s1" name="Addition" source="/app/TestCases/WebTestCases/addition.robot">
<test id="s1-t1" name="Testing Input field and button">
<kw name="Evaluate" library="BuiltIn">
<var>${chrome_options}</var>
<arg>sys.modules['selenium.webdriver'].ChromeOptions()</arg>
<arg>sys, selenium.webdriver</arg>
<doc>Evaluates the given expression in Python and returns the result.</doc>
<msg timestamp="20210908 13:01:07.507" level="INFO">${chrome_options} = &lt;selenium.webdriver.chrome.options.Options object at 0x7f2b0a432520&gt;</msg>
<status status="PASS" starttime="20210908 13:01:07.506" endtime="20210908 13:01:07.507"/>
</kw>
<kw name="Call Method" library="BuiltIn">
<arg>${chrome_options}</arg>
<arg>add_argument</arg>
<arg>--no-sandbox</arg>
<doc>Calls the named method of the given object with the provided arguments.</doc>
<status status="PASS" starttime="20210908 13:01:07.508" endtime="20210908 13:01:07.508"/>
</kw>
<kw name="Call Method" library="BuiltIn">
<arg>${chrome_options}</arg>
<arg>add_argument</arg>
<arg>--headless</arg>
<doc>Calls the named method of the given object with the provided arguments.</doc>
<status status="PASS" starttime="20210908 13:01:07.509" endtime="20210908 13:01:07.510"/>
</kw>
<kw name="Open Browser" library="SeleniumLibrary">
<arg>${URL}</arg>
<arg>${Browser}</arg>
<arg>options=${chrome_options}</arg>
<arg>executable_path=${executable_path}</arg>
<doc>Opens a new browser instance to the optional ``url``.</doc>
<msg timestamp="20210908 13:01:07.513" level="INFO">Opening browser 'Chrome' to base url 'https://www.seleniumeasy.com/test/basic-first-form-demo.html'.</msg>
<status status="PASS" starttime="20210908 13:01:07.510" endtime="20210908 13:01:16.028"/>
</kw>
<kw name="Maximize Browser Window" library="SeleniumLibrary">
<doc>Maximizes current browser window.</doc>
<status status="PASS" starttime="20210908 13:01:16.029" endtime="20210908 13:01:16.138"/>
</kw>
<kw name="Set Selenium Implicit Wait" library="SeleniumLibrary">
<arg>5 seconds</arg>
<doc>Sets the implicit wait value used by Selenium.</doc>
<status status="PASS" starttime="20210908 13:01:16.138" endtime="20210908 13:01:16.141"/>
</kw>
<kw name="Wait Until Page Contains Element" library="SeleniumLibrary">
<arg>${popupclose}</arg>
<doc>Waits until the element ``locator`` appears on the current page.</doc>
<status status="PASS" starttime="20210908 13:01:16.141" endtime="20210908 13:01:16.162"/>
</kw>
<kw name="Click Element" library="SeleniumLibrary">
<arg>${popupclose}</arg>
<doc>Click the element identified by ``locator``.</doc>
<msg timestamp="20210908 13:01:16.163" level="INFO">Clicking element 'xpath://*[@id="at-cv-lightbox-button-holder"]/a[2]'.</msg>
<status status="PASS" starttime="20210908 13:01:16.162" endtime="20210908 13:01:16.717"/>
</kw>
<kw name="Input Text" library="SeleniumLibrary">
<arg>id:sum1</arg>
<arg>5</arg>
<doc>Types the given ``text`` into the text field identified by ``locator``.</doc>
<msg timestamp="20210908 13:01:16.718" level="INFO">Typing text '5' into text field 'id:sum1'.</msg>
<status status="PASS" starttime="20210908 13:01:16.717" endtime="20210908 13:01:16.831"/>
</kw>
<kw name="Input Text" library="SeleniumLibrary">
<arg>id:sum2</arg>
<arg>6</arg>
<doc>Types the given ``text`` into the text field identified by ``locator``.</doc>
<msg timestamp="20210908 13:01:16.832" level="INFO">Typing text '6' into text field 'id:sum2'.</msg>
<status status="PASS" starttime="20210908 13:01:16.832" endtime="20210908 13:01:16.954"/>
</kw>
<kw name="Click Button" library="SeleniumLibrary">
<arg>xpath://button[text()='Get Total']</arg>
<doc>Clicks the button identified by ``locator``.</doc>
<msg timestamp="20210908 13:01:16.955" level="INFO">Clicking button 'xpath://button[text()='Get Total']'.</msg>
<status status="PASS" starttime="20210908 13:01:16.955" endtime="20210908 13:01:17.052"/>
</kw>
<kw name="Element Text Should Be" library="SeleniumLibrary">
<arg>${assertion}</arg>
<arg>11</arg>
<doc>Verifies that element ``locator`` contains exact the text ``expected``.</doc>
<msg timestamp="20210908 13:01:17.054" level="INFO">Verifying element 'id:displayvalue' contains exact text '11'.</msg>
<status status="PASS" starttime="20210908 13:01:17.053" endtime="20210908 13:01:17.090"/>
</kw>
<status status="PASS" starttime="20210908 13:01:07.502" endtime="20210908 13:01:17.091"/>
</test>
<doc>Testing Addition of two numbers</doc>
<status status="PASS" starttime="20210908 13:01:07.282" endtime="20210908 13:01:17.093"/>
</suite>
<statistics>
<total>
<stat pass="1" fail="0" skip="0">All Tests</stat>
</total>
<tag>
</tag>
<suite>
<stat pass="1" fail="0" skip="0" id="s1" name="Addition">Addition</stat>
</suite>
</statistics>
<errors>
</errors>
</robot>
